<?xml version="1.0" encoding="UTF-8"?>
<!-- Generated by org.testng.reporters.JUnitReportReporter -->
<testsuite hostname="Sahil" name="testNGImplementation.CreateNewOrganization" tests="1" failures="0" timestamp="1 Dec 2022 03:23:10 GMT" time="18.106" errors="0">
  <testcase name="createNewOrganizationTest" time="18.106" classname="testNGImplementation.CreateNewOrganization"/>
</testsuite> <!-- testNGImplementation.CreateNewOrganization -->
