<?xml version="1.0" encoding="UTF-8"?>
<!-- Generated by org.testng.reporters.JUnitReportReporter -->
<testsuite hostname="Sahil" name="testNGImplementation.CreateNewContact" tests="1" failures="0" timestamp="1 Dec 2022 03:19:42 GMT" time="21.872" errors="0">
  <testcase name="createNewContactTest" time="21.872" classname="testNGImplementation.CreateNewContact"/>
</testsuite> <!-- testNGImplementation.CreateNewContact -->
