<?xml version="1.0" encoding="UTF-8"?>
<!-- Generated by org.testng.reporters.JUnitReportReporter -->
<testsuite hostname="Sahil" name="testNGImplementation.CreateNewLead" tests="1" failures="0" timestamp="1 Dec 2022 03:14:18 GMT" time="22.607" errors="0">
  <testcase name="createNewLeadTest" time="22.607" classname="testNGImplementation.CreateNewLead"/>
</testsuite> <!-- testNGImplementation.CreateNewLead -->
